<?xml version="1.0" encoding="UTF-8"?>

-<testsuites time="8.026" tests="14" name="TaHouse">


+<testsuite time="4.718" tests="34" name="Test - Consultas Get / Api Properties" errors="0" failures="1" timestamp="2023-01-15T04:53:27.866Z" id="9c30c433-4bdc-4258-adff-a5159a30f5f6">


















-<testsuite time="0.196" tests="14" name="Test - Consultas Get / Api Countries" errors="0" failures="0" timestamp="2023-01-15T04:53:27.866Z" id="0492a834-8aa3-40a9-aa10-c3bf2f2c384f">

<testcase time="0.196" name="Status code is 200" classname="TaHouse"/>

<testcase time="0.196" name="Response time is less than 200ms" classname="TaHouse"/>

<testcase time="0.196" name="Content-Type is present in header" classname="TaHouse"/>

<testcase time="0.196" name="Date is present in header" classname="TaHouse"/>

<testcase time="0.196" name="Comprobamos en Body si el elemento 'ID' existe" classname="TaHouse"/>

<testcase time="0.196" name="Comprobamos que 'Id' sea un Number" classname="TaHouse"/>

<testcase time="0.196" name="Comprobamos en Body si el elemento 'Country' existe" classname="TaHouse"/>

<testcase time="0.196" name="Comprobamos que 'Country' sea un String" classname="TaHouse"/>

<testcase time="0.196" name="Comprobamos en Body si el elemento 'Latitud' existe" classname="TaHouse"/>

<testcase time="0.196" name="Comprobamos que 'Latitud' sea un String" classname="TaHouse"/>

<testcase time="0.196" name="Comprobamos en Body si el elemento 'Longitud' existe" classname="TaHouse"/>

<testcase time="0.196" name="Comprobamos que 'Longitud' sea un String" classname="TaHouse"/>

<testcase time="0.196" name="Comprobamos en Body si el elemento 'City' existe" classname="TaHouse"/>

<testcase time="0.196" name="Comprobamos que 'City' sea un Array" classname="TaHouse"/>

</testsuite>


-<testsuite time="0.227" tests="19" name="Test - Consultas Get / Api Users" errors="0" failures="5" timestamp="2023-01-15T04:53:27.866Z" id="ac174802-b7dc-4a13-a021-20cad6b5f9ff">


-<testcase time="0.227" name="Response time is less than 200ms" classname="TaHouse">


-<failure message="expected 227 to be below 200" type="AssertionFailure">

-<![CDATA[Failed 1 times.]]>
-<![CDATA[Collection JSON ID: 08c7d3df-d134-46bf-914c-b7b224e3dd3d.]]>
-<![CDATA[Collection name: TaHouse.]]>
-<![CDATA[Request name: Test - Consultas Get / Api Users.]]>
-<![CDATA[Test description: Response time is less than 200ms.]]>
-<![CDATA[Error message: expected 227 to be below 200.]]>
-<![CDATA[Stacktrace: AssertionError: expected 227 to be below 200
   at Object.eval sandbox-script.js:1:3).]]>
</failure>

</testcase>

<testcase time="0.227" name="Status code is 200" classname="TaHouse"/>

<testcase time="0.227" name="Content-Type is present" classname="TaHouse"/>

<testcase time="0.227" name="Comprobamos en Body si el elemento 'Id' existe" classname="TaHouse"/>

<testcase time="0.227" name="Comprobamos que 'Id' sea un Number" classname="TaHouse"/>

<testcase time="0.227" name="Comprobamos en Body si el elemento 'Email' existe" classname="TaHouse"/>

<testcase time="0.227" name="Comprobamos que 'Email' sea un String" classname="TaHouse"/>

<testcase time="0.227" name="Comprobamos en Body si el elemento 'Role' existe" classname="TaHouse"/>

<testcase time="0.227" name="Comprobamos que 'Role' sea de tipo (Admin o Client) y ademas sea una String" classname="TaHouse"/>

<testcase time="0.227" name="Comprobamos en Body si el elemento 'Name' existe" classname="TaHouse"/>


-<testcase time="0.227" name="Comprobamos que 'Name' sea un String" classname="TaHouse">


-<failure message="expected null to be a string" type="AssertionFailure">

-<![CDATA[Failed 1 times.]]>
-<![CDATA[Collection JSON ID: 08c7d3df-d134-46bf-914c-b7b224e3dd3d.]]>
-<![CDATA[Collection name: TaHouse.]]>
-<![CDATA[Request name: Test - Consultas Get / Api Users.]]>
-<![CDATA[Test description: Comprobamos que 'Name' sea un String.]]>
-<![CDATA[Error message: expected null to be a string.]]>
-<![CDATA[Stacktrace: AssertionError: expected null to be a string
   at Object.eval sandbox-script.js:11:3).]]>
</failure>

</testcase>

<testcase time="0.227" name="Comprobamos en Body si el elemento 'City' existe" classname="TaHouse"/>


-<testcase time="0.227" name="Comprobamos que 'City' sea un String" classname="TaHouse">


-<failure message="expected null to be a string" type="AssertionFailure">

-<![CDATA[Failed 1 times.]]>
-<![CDATA[Collection JSON ID: 08c7d3df-d134-46bf-914c-b7b224e3dd3d.]]>
-<![CDATA[Collection name: TaHouse.]]>
-<![CDATA[Request name: Test - Consultas Get / Api Users.]]>
-<![CDATA[Test description: Comprobamos que 'City' sea un String.]]>
-<![CDATA[Error message: expected null to be a string.]]>
-<![CDATA[Stacktrace: AssertionError: expected null to be a string
   at Object.eval sandbox-script.js:13:3).]]>
</failure>

</testcase>

<testcase time="0.227" name="Comprobamos en Body si el elemento 'Country' existe" classname="TaHouse"/>


-<testcase time="0.227" name="Comprobamos que 'Country' sea un String" classname="TaHouse">


-<failure message="expected null to be a string" type="AssertionFailure">

-<![CDATA[Failed 1 times.]]>
-<![CDATA[Collection JSON ID: 08c7d3df-d134-46bf-914c-b7b224e3dd3d.]]>
-<![CDATA[Collection name: TaHouse.]]>
-<![CDATA[Request name: Test - Consultas Get / Api Users.]]>
-<![CDATA[Test description: Comprobamos que 'Country' sea un String.]]>
-<![CDATA[Error message: expected null to be a string.]]>
-<![CDATA[Stacktrace: AssertionError: expected null to be a string
   at Object.eval sandbox-script.js:15:3).]]>
</failure>

</testcase>

<testcase time="0.227" name="Comprobamos en Body si el elemento 'Phone' existe" classname="TaHouse"/>


-<testcase time="0.227" name="Comprobamos que 'Phone' sea un String" classname="TaHouse">


-<failure message="expected null to be a string" type="AssertionFailure">

-<![CDATA[Failed 1 times.]]>
-<![CDATA[Collection JSON ID: 08c7d3df-d134-46bf-914c-b7b224e3dd3d.]]>
-<![CDATA[Collection name: TaHouse.]]>
-<![CDATA[Request name: Test - Consultas Get / Api Users.]]>
-<![CDATA[Test description: Comprobamos que 'Phone' sea un String.]]>
-<![CDATA[Error message: expected null to be a string.]]>
-<![CDATA[Stacktrace: AssertionError: expected null to be a string
   at Object.eval sandbox-script.js:17:3).]]>
</failure>

</testcase>

<testcase time="0.227" name="Comprobamos en Body si el elemento 'Fecha creacion Card' existe" classname="TaHouse"/>

<testcase time="0.227" name="Comprobamos que 'Date Create' sea un String" classname="TaHouse"/>

</testsuite>


-<testsuite time="0.385" tests="9" name="Test - Consultas Get / Api favorites" errors="0" failures="1" timestamp="2023-01-15T04:53:27.866Z" id="cb84ecc3-b60d-46d9-afba-88dc23bf9d4b">


-<testcase time="0.385" name="Response time is less than 200ms" classname="TaHouse">


-<failure message="expected 385 to be below 200" type="AssertionFailure">

-<![CDATA[Failed 1 times.]]>
-<![CDATA[Collection JSON ID: 08c7d3df-d134-46bf-914c-b7b224e3dd3d.]]>
-<![CDATA[Collection name: TaHouse.]]>
-<![CDATA[Request name: Test - Consultas Get / Api favorites.]]>
-<![CDATA[Test description: Response time is less than 200ms.]]>
-<![CDATA[Error message: expected 385 to be below 200.]]>
-<![CDATA[Stacktrace: AssertionError: expected 385 to be below 200
   at Object.eval sandbox-script.js:1:4).]]>
</failure>

</testcase>

<testcase time="0.385" name="Status code is 200" classname="TaHouse"/>

<testcase time="0.385" name="Content-Type is present" classname="TaHouse"/>

<testcase time="0.385" name="Comprobamos en Body si el elemento 'Id' existe" classname="TaHouse"/>

<testcase time="0.385" name="Comprobamos que 'Id' sea un Number" classname="TaHouse"/>

<testcase time="0.385" name="Comprobamos en Body si el elemento 'UserId' existe" classname="TaHouse"/>

<testcase time="0.385" name="Comprobamos que 'UserId' sea un Number" classname="TaHouse"/>

<testcase time="0.385" name="Comprobamos en Body si el elemento 'PropertyId' existe" classname="TaHouse"/>

<testcase time="0.385" name="Comprobamos que 'PropertyId' sea un Number" classname="TaHouse"/>

</testsuite>

<testsuite time="0.200" tests="0" name="Test - Consultas Get / Api countries por ID" errors="0" failures="0" timestamp="2023-01-15T04:53:27.866Z" id="7a471576-ba53-4aa5-b83a-d458ca8c8326"/>


-<testsuite time="0.198" tests="1" name="Test - Consultas Post / Api Properties" errors="0" failures="0" timestamp="2023-01-15T04:53:27.866Z" id="460ba861-ddef-47f2-80fa-f5471eca3fa4">

<testcase time="0.198" name="Status code is 401 (Unauthorized)" classname="TaHouse"/>

</testsuite>


-<testsuite time="0.256" tests="1" name="Test - Consultas Post / Api Countries" errors="0" failures="0" timestamp="2023-01-15T04:53:27.866Z" id="c73ae795-b7ed-4234-8a09-c1b0277e1066">

<testcase time="0.256" name="Status code is 401 (Unauthorized)" classname="TaHouse"/>

</testsuite>


-<testsuite time="0.251" tests="1" name="Test - Consultas Post / Api Users" errors="0" failures="1" timestamp="2023-01-15T04:53:27.866Z" id="bdea9cf3-9942-451e-bb46-dbb85f41fa19">


-<testcase time="0.251" name="Status code is 401 (Unauthorizaed)" classname="TaHouse">


-<failure message="expected response to have status code 401 but got 400" type="AssertionFailure">

-<![CDATA[Failed 1 times.]]>
-<![CDATA[Collection JSON ID: 08c7d3df-d134-46bf-914c-b7b224e3dd3d.]]>
-<![CDATA[Collection name: TaHouse.]]>
-<![CDATA[Request name: Test - Consultas Post / Api Users.]]>
-<![CDATA[Test description: Status code is 401 (Unauthorizaed).]]>
-<![CDATA[Error message: expected response to have status code 401 but got 400.]]>
-<![CDATA[Stacktrace: AssertionError: expected response to have status code 401 but got 400
   at Object.eval sandbox-script.js:1:8).]]>
</failure>

</testcase>

</testsuite>


-<testsuite time="0.192" tests="1" name="Test - Consultas Post / Api Login" errors="0" failures="1" timestamp="2023-01-15T04:53:27.866Z" id="30fbf24a-e341-45c7-aba4-491e9ca22f45">


-<testcase time="0.192" name="Status code is 401 (Unauthorizaed)" classname="TaHouse">


-<failure message="expected response to have status code 401 but got 400" type="AssertionFailure">

-<![CDATA[Failed 1 times.]]>
-<![CDATA[Collection JSON ID: 08c7d3df-d134-46bf-914c-b7b224e3dd3d.]]>
-<![CDATA[Collection name: TaHouse.]]>
-<![CDATA[Request name: Test - Consultas Post / Api Login.]]>
-<![CDATA[Test description: Status code is 401 (Unauthorizaed).]]>
-<![CDATA[Error message: expected response to have status code 401 but got 400.]]>
-<![CDATA[Stacktrace: AssertionError: expected response to have status code 401 but got 400
   at Object.eval sandbox-script.js:1:9).]]>
</failure>

</testcase>

</testsuite>


-<testsuite time="0.190" tests="1" name="Test - Consultas Post / Api Login/Recovery" errors="0" failures="1" timestamp="2023-01-15T04:53:27.866Z" id="e5aaff91-ed8a-4aa8-879a-61a2ec8d15c5">


-<testcase time="0.190" name="Status code is 401 (Unauthorizaed)" classname="TaHouse">


-<failure message="expected response to have status code 401 but got 500" type="AssertionFailure">

-<![CDATA[Failed 1 times.]]>
-<![CDATA[Collection JSON ID: 08c7d3df-d134-46bf-914c-b7b224e3dd3d.]]>
-<![CDATA[Collection name: TaHouse.]]>
-<![CDATA[Request name: Test - Consultas Post / Api Login/Recovery.]]>
-<![CDATA[Test description: Status code is 401 (Unauthorizaed).]]>
-<![CDATA[Error message: expected response to have status code 401 but got 500.]]>
-<![CDATA[Stacktrace: AssertionError: expected response to have status code 401 but got 500
   at Object.eval sandbox-script.js:1:10).]]>
</failure>

</testcase>

</testsuite>


-<testsuite time="0.190" tests="1" name="Test - Consultas Post / Api Login/Change-Password" errors="0" failures="0" timestamp="2023-01-15T04:53:27.866Z" id="1b71c421-24eb-47c5-bb6e-37c52846fcb5">

<testcase time="0.190" name="Status code is 401 (Unauthorizaed)" classname="TaHouse"/>

</testsuite>

<testsuite time="0.543" tests="0" name="Key Collection & envaironments / Url collectionKey" errors="0" failures="0" timestamp="2023-01-15T04:53:27.866Z" id="f031fd9b-657c-4db8-8b58-048e10112485"/>

<testsuite time="0.480" tests="0" name="Key Collection & envaironments / Url envairnmentsKey" errors="0" failures="0" timestamp="2023-01-15T04:53:27.866Z" id="62264e46-1885-4c79-b37e-8bcd0d5b837d"/>


-<testsuite time="0.000" tests="0" name="Key Collection & envaironments / New Request" errors="1" failures="0" timestamp="2023-01-15T04:53:27.866Z" id="5a6297e6-0d33-42c1-a0cb-6999c6336792">


-<system-err>

-<![CDATA[Iteration: 0
RequestError: Error: runtime:extensions~request: request url is empty
    at Requester.request (C:\ProgramData\Jenkins\.jenkins\tools\jenkins.plugins.nodejs.tools.NodeJSInstallation\Node_16.18.9\node_modules\newman\node_modules\postman-runtime\lib\requester\requester.js:382:26)
    at C:\ProgramData\Jenkins\.jenkins\tools\jenkins.plugins.nodejs.tools.NodeJSInstallation\Node_16.18.9\node_modules\newman\node_modules\postman-runtime\lib\runner\extensions\http-request.command.js:152:37
    at Function.create (C:\ProgramData\Jenkins\.jenkins\tools\jenkins.plugins.nodejs.tools.NodeJSInstallation\Node_16.18.9\node_modules\newman\node_modules\postman-runtime\lib\requester\requester.js:469:16)
    at RequesterPool.create (C:\ProgramData\Jenkins\.jenkins\tools\jenkins.plugins.nodejs.tools.NodeJSInstallation\Node_16.18.9\node_modules\newman\node_modules\postman-runtime\lib\requester\requester-pool.js:67:22)
    at C:\ProgramData\Jenkins\.jenkins\tools\jenkins.plugins.nodejs.tools.NodeJSInstallation\Node_16.18.9\node_modules\newman\node_modules\postman-runtime\lib\runner\extensions\http-request.command.js:104:32
    at C:\ProgramData\Jenkins\.jenkins\tools\jenkins.plugins.nodejs.tools.NodeJSInstallation\Node_16.18.9\node_modules\newman\node_modules\async\dist\async.js:251:13
    at wrapper (C:\ProgramData\Jenkins\.jenkins\tools\jenkins.plugins.nodejs.tools.NodeJSInstallation\Node_16.18.9\node_modules\newman\node_modules\async\dist\async.js:271:20)
    at replenish (C:\ProgramData\Jenkins\.jenkins\tools\jenkins.plugins.nodejs.tools.NodeJSInstallation\Node_16.18.9\node_modules\newman\node_modules\async\dist\async.js:441:29)
    at C:\ProgramData\Jenkins\.jenkins\tools\jenkins.plugins.nodejs.tools.NodeJSInstallation\Node_16.18.9\node_modules\newman\node_modules\async\dist\async.js:451:13
    at eachOfLimit$1 (C:\ProgramData\Jenkins\.jenkins\tools\jenkins.plugins.nodejs.tools.NodeJSInstallation\Node_16.18.9\node_modules\newman\node_modules\async\dist\async.js:477:34)
    at awaitable (C:\ProgramData\Jenkins\.jenkins\tools\jenkins.plugins.nodejs.tools.NodeJSInstallation\Node_16.18.9\node_modules\newman\node_modules\async\dist\async.js:211:32)
    at eachOfSeries (C:\ProgramData\Jenkins\.jenkins\tools\jenkins.plugins.nodejs.tools.NodeJSInstallation\Node_16.18.9\node_modules\newman\node_modules\async\dist\async.js:813:16)
    at awaitable (C:\ProgramData\Jenkins\.jenkins\tools\jenkins.plugins.nodejs.tools.NodeJSInstallation\Node_16.18.9\node_modules\newman\node_modules\async\dist\async.js:211:32)
    at _asyncMap (C:\ProgramData\Jenkins\.jenkins\tools\jenkins.plugins.nodejs.tools.NodeJSInstallation\Node_16.18.9\node_modules\newman\node_modules\async\dist\async.js:244:16)
    at mapSeries (C:\ProgramData\Jenkins\.jenkins\tools\jenkins.plugins.nodejs.tools.NodeJSInstallation\Node_16.18.9\node_modules\newman\node_modules\async\dist\async.js:837:16)
    at awaitable (C:\ProgramData\Jenkins\.jenkins\tools\jenkins.plugins.nodejs.tools.NodeJSInstallation\Node_16.18.9\node_modules\newman\node_modules\async\dist\async.js:211:32)

---
]]>
</system-err>

</testsuite>

</testsuites>