{
  "stats": {
    "suites": 2,
    "tests": 17,
    "passes": 17,
    "pending": 0,
    "failures": 0,
    "start": "2022-11-03T20:10:43.049Z",
    "end": "2022-11-03T20:10:43.240Z",
    "duration": 191,
    "testsRegistered": 17,
    "passPercent": 100,
    "pendingPercent": 0,
    "other": 0,
    "hasOther": false,
    "skipped": 0,
    "hasSkipped": false
  },
  "results": [
    {
      "uuid": "51acede4-381d-4603-87ef-3a99b204962a",
      "title": "",
      "fullFile": "cypress\\e2e\\Testing_Bonpland_idea5\\Seccion_Home.cy.js",
      "file": "cypress\\e2e\\Testing_Bonpland_idea5\\Seccion_Home.cy.js",
      "beforeHooks": [],
      "afterHooks": [],
      "tests": [],
      "suites": [
        {
          "uuid": "eb85792a-fc0c-4ed4-afb1-13cf52dcb745",
          "title": "Testing del 1er Sprint Idea 5 - Bonpland",
          "fullFile": "",
          "file": "",
          "beforeHooks": [],
          "afterHooks": [],
          "tests": [
            {
              "title": "A_001 - Pruebas de Api",
              "fullTitle": "Testing del 1er Sprint Idea 5 - Bonpland A_001 - Pruebas de Api",
              "timedOut": null,
              "duration": 26,
              "state": "passed",
              "speed": "fast",
              "pass": true,
              "fail": false,
              "pending": false,
              "context": null,
              "code": "// Se probaran status y Endpoints\n    // Prueba elementos Endpoints de Usuario en la tabla \"Nombre de Usuario\",\"Passwrord para Usuario\",\"Nombre\",\"Apellido\",\"Apellido\",\"Email\",\"Ciudad\",\"Pais\",\"Telefono\"//\n    // Prueba elementos Endpoint en Inmuebles en la tabla \"Id para inmuebles\",\"Id para Img\",\"Precio\",\"Direccion\",\"Ciudad\",\"Pais\",\"Tamñano Inmueble\",\"Ambientes\",\"Estado (REservado/Alquilado/Vendido),\"Codigo de Zona\",\"Fecha Publicacion\",\"Tipo de Inmueble\" \n    // Pruebas GET y POST",
              "err": {},
              "uuid": "76a338dc-fe35-42ab-b1d9-cde97f856b9a",
              "parentUUID": "eb85792a-fc0c-4ed4-afb1-13cf52dcb745",
              "isHook": false,
              "skipped": false
            },
            {
              "title": "H_001 - Filtro en Banner",
              "fullTitle": "Testing del 1er Sprint Idea 5 - Bonpland H_001 - Filtro en Banner",
              "timedOut": null,
              "duration": 8,
              "state": "passed",
              "speed": "fast",
              "pass": true,
              "fail": false,
              "pending": false,
              "context": null,
              "code": "// Mostrar inmuebles segun ciudad filtrada",
              "err": {},
              "uuid": "14298d10-8ba7-4ddd-bdcf-a549c913ad69",
              "parentUUID": "eb85792a-fc0c-4ed4-afb1-13cf52dcb745",
              "isHook": false,
              "skipped": false
            },
            {
              "title": "H_002 - Menu Navbar",
              "fullTitle": "Testing del 1er Sprint Idea 5 - Bonpland H_002 - Menu Navbar",
              "timedOut": null,
              "duration": 7,
              "state": "passed",
              "speed": "fast",
              "pass": true,
              "fail": false,
              "pending": false,
              "context": null,
              "code": "// Mostrar logo, texto descriptivo, input ubicacion, secciones de la web\n    // Prueba de Img logo segun diseño UI\n    // Prueba icono menu Nav\n    // Prueba Texto descriptivo \"Encuentra el Hogar de tus Sueños\"\n    // Prueba de Filtro realizando busqueda\n    // Texto descriptivo \"En que ciudad desea Vivir\"\n    // Link acceso formulario",
              "err": {},
              "uuid": "635efa62-7df2-480b-b04d-68da8870ea75",
              "parentUUID": "eb85792a-fc0c-4ed4-afb1-13cf52dcb745",
              "isHook": false,
              "skipped": false
            },
            {
              "title": "H_003 - Inmuebles Destacados",
              "fullTitle": "Testing del 1er Sprint Idea 5 - Bonpland H_003 - Inmuebles Destacados",
              "timedOut": null,
              "duration": 8,
              "state": "passed",
              "speed": "fast",
              "pass": true,
              "fail": false,
              "pending": false,
              "context": null,
              "code": "// los inmuebles se muestren de mayor a menor segun su solicitud en destacados\n    // Ubicacion \n    // Prueba texto descriptivo\n    // Prueba del Carrousel con todos sus elementos \"Foto del Inmueble\",\"Precio\",\"Direccion\",\"Ciudad\",\"Cantidad de Ambientes\",\"Habitaciones\",\"Baños\",\"Mts2 min y max\"\n    // Prueba Button \"Zona Destacada\" segun diseño UI\n    // El carrousel debe contener los 5 mejores inmuebles de mayor a menor",
              "err": {},
              "uuid": "48b47358-dbef-4025-aeee-3a8738fdeecd",
              "parentUUID": "eb85792a-fc0c-4ed4-afb1-13cf52dcb745",
              "isHook": false,
              "skipped": false
            },
            {
              "title": "H_004 - Seccion Propiedades",
              "fullTitle": "Testing del 1er Sprint Idea 5 - Bonpland H_004 - Seccion Propiedades",
              "timedOut": null,
              "duration": 8,
              "state": "passed",
              "speed": "fast",
              "pass": true,
              "fail": false,
              "pending": false,
              "context": null,
              "code": "// Mostrar un listado de inmuebles en promocion\n    //Prueba imagen de fondo segun diseño UI\n    //Mostrar Texto indicando lo precios y descuentos de Bopland\n    //Button llamado \"Ver Propiedades\" redirecciona a la pagina \"Listado de Inmuebles\"",
              "err": {},
              "uuid": "9f5d9e75-9813-4d42-b787-a2e097144f51",
              "parentUUID": "eb85792a-fc0c-4ed4-afb1-13cf52dcb745",
              "isHook": false,
              "skipped": false
            },
            {
              "title": "H_005 - Footer Informativo",
              "fullTitle": "Testing del 1er Sprint Idea 5 - Bonpland H_005 - Footer Informativo",
              "timedOut": null,
              "duration": 7,
              "state": "passed",
              "speed": "fast",
              "pass": true,
              "fail": false,
              "pending": false,
              "context": null,
              "code": "// Mostrar footer en forma de acordeon con sus 4 menuces, logo y posicion de elementos en el Dom segun diseño UI\n    // Prueba de Img logo ubicada segun diseño UI\n    // Prueba de contenido en sus 4 opciones \"Sobre Nosotros\",\"Nuestra Trayectoria\",\"Paises\",\"Categorias\"\n    // Prueba de menuces de tipo acordeon y su depliegue",
              "err": {},
              "uuid": "ea834c75-7400-40b6-93f1-5bd8d2c6386a",
              "parentUUID": "eb85792a-fc0c-4ed4-afb1-13cf52dcb745",
              "isHook": false,
              "skipped": false
            },
            {
              "title": "H_006 - Check de todos los elementos diseñados en seccion Home",
              "fullTitle": "Testing del 1er Sprint Idea 5 - Bonpland H_006 - Check de todos los elementos diseñados en seccion Home",
              "timedOut": null,
              "duration": 9,
              "state": "passed",
              "speed": "fast",
              "pass": true,
              "fail": false,
              "pending": false,
              "context": null,
              "code": "//Checkeamos todos lo elementos del dom existentes segun diseño UI\n    // Prueba de todos los elementos del Dom",
              "err": {},
              "uuid": "a7cfcb5f-8f39-43c9-8206-519292a616aa",
              "parentUUID": "eb85792a-fc0c-4ed4-afb1-13cf52dcb745",
              "isHook": false,
              "skipped": false
            },
            {
              "title": "H_007 - Seccion Guia en el Home",
              "fullTitle": "Testing del 1er Sprint Idea 5 - Bonpland H_007 - Seccion Guia en el Home",
              "timedOut": null,
              "duration": 9,
              "state": "passed",
              "speed": "fast",
              "pass": true,
              "fail": false,
              "pending": false,
              "context": null,
              "code": "//Mostrar una Guia al usuario para alquilar y/o comprar inmuebles\n    // Prueba de Imagen y Texto correspondiente segun diseño UI\n    // Prueba de Button \"Guia para Alquilar y Guia para Vender\"\n    // Al realizar click se muestra informacion sobre la venta y/o alquiler del Inmueble\n    // Probamos seleccion Alquilar aplicando Filtros, al ecribir una ciudad se agruparan por dicha eleccion \n    // Probamos seleccion Vender aplicando Filtros",
              "err": {},
              "uuid": "20e85d1e-2105-4564-85c3-486a7f717a01",
              "parentUUID": "eb85792a-fc0c-4ed4-afb1-13cf52dcb745",
              "isHook": false,
              "skipped": false
            },
            {
              "title": "Formulario de Busqueda para Inmuebles",
              "fullTitle": "Testing del 1er Sprint Idea 5 - Bonpland Formulario de Busqueda para Inmuebles",
              "timedOut": null,
              "duration": 6,
              "state": "passed",
              "speed": "fast",
              "pass": true,
              "fail": false,
              "pending": false,
              "context": null,
              "code": "// Mostrar todos los inmuebles que coincidan con el criterio de busqueda realizado por el Usuario\n    // Prueba Button con filtro desplegable motrando la siguiente lista \"Ciudad\", \"Ambientes\", \"Cantidad de Baños\", \"Cantidad de Habitaciones\",\"Mts2 max y min\"\n    // Prueba Button con el nombre del Mapa mostrando la Ubicacion/Direccion del Inmueble\n    // Filtramos por Ciudad mostrando ciudad buscada y quedar seleccionada\n    // Filtramos por cantidad de Ambientes y validando que sean numeros enteros\n    // Filtramos por cantidad de Habitaciones y validando que sean numeros enteros\n    // Filtramos por cantidad de Baños y validando que sean numeros enteros\n    // Filtramos por Mts2 Min/Max y validando que se sean",
              "err": {},
              "uuid": "bcdd2b76-0771-4362-a01e-a28c22aa1120",
              "parentUUID": "eb85792a-fc0c-4ed4-afb1-13cf52dcb745",
              "isHook": false,
              "skipped": false
            }
          ],
          "suites": [],
          "passes": [
            "76a338dc-fe35-42ab-b1d9-cde97f856b9a",
            "14298d10-8ba7-4ddd-bdcf-a549c913ad69",
            "635efa62-7df2-480b-b04d-68da8870ea75",
            "48b47358-dbef-4025-aeee-3a8738fdeecd",
            "9f5d9e75-9813-4d42-b787-a2e097144f51",
            "ea834c75-7400-40b6-93f1-5bd8d2c6386a",
            "a7cfcb5f-8f39-43c9-8206-519292a616aa",
            "20e85d1e-2105-4564-85c3-486a7f717a01",
            "bcdd2b76-0771-4362-a01e-a28c22aa1120"
          ],
          "failures": [],
          "pending": [],
          "skipped": [],
          "duration": 88,
          "root": false,
          "rootEmpty": false,
          "_timeout": 2000
        },
        {
          "uuid": "3836eac8-6182-47fe-8c8d-43c79ab8e65c",
          "title": "Testing Exploratorio seccion Home",
          "fullFile": "",
          "file": "",
          "beforeHooks": [],
          "afterHooks": [],
          "tests": [
            {
              "title": "CP en Api",
              "fullTitle": "Testing Exploratorio seccion Home CP en Api",
              "timedOut": null,
              "duration": 9,
              "state": "passed",
              "speed": "fast",
              "pass": true,
              "fail": false,
              "pending": false,
              "context": null,
              "code": "",
              "err": {},
              "uuid": "4932766d-08a0-4848-b47c-9f0fe9642ac7",
              "parentUUID": "3836eac8-6182-47fe-8c8d-43c79ab8e65c",
              "isHook": false,
              "skipped": false
            },
            {
              "title": "CP en Login",
              "fullTitle": "Testing Exploratorio seccion Home CP en Login",
              "timedOut": null,
              "duration": 7,
              "state": "passed",
              "speed": "fast",
              "pass": true,
              "fail": false,
              "pending": false,
              "context": null,
              "code": "// Pruebas de login Positivo y Negativo",
              "err": {},
              "uuid": "d6123493-bff5-4b3c-8bd3-bd3af95d77b3",
              "parentUUID": "3836eac8-6182-47fe-8c8d-43c79ab8e65c",
              "isHook": false,
              "skipped": false
            },
            {
              "title": "CP en Formulario de Registro",
              "fullTitle": "Testing Exploratorio seccion Home CP en Formulario de Registro",
              "timedOut": null,
              "duration": 6,
              "state": "passed",
              "speed": "fast",
              "pass": true,
              "fail": false,
              "pending": false,
              "context": null,
              "code": "// Se realizaran distintas pruebas en todos los campos de datos del Formulario (Casos de pruebas Positivos y Negativos)",
              "err": {},
              "uuid": "86147807-a7f3-4dde-a7d5-1b5c26d6e4f1",
              "parentUUID": "3836eac8-6182-47fe-8c8d-43c79ab8e65c",
              "isHook": false,
              "skipped": false
            },
            {
              "title": "CP en Formulario de Busqueda",
              "fullTitle": "Testing Exploratorio seccion Home CP en Formulario de Busqueda",
              "timedOut": null,
              "duration": 9,
              "state": "passed",
              "speed": "fast",
              "pass": true,
              "fail": false,
              "pending": false,
              "context": null,
              "code": "// Se realziaran pruebas de filtrado en los campos de Busqueda",
              "err": {},
              "uuid": "78d0b750-12d7-439d-9a2f-7e32a3b21d85",
              "parentUUID": "3836eac8-6182-47fe-8c8d-43c79ab8e65c",
              "isHook": false,
              "skipped": false
            },
            {
              "title": "CP comprobando todos los elementos del Dom",
              "fullTitle": "Testing Exploratorio seccion Home CP comprobando todos los elementos del Dom",
              "timedOut": null,
              "duration": 6,
              "state": "passed",
              "speed": "fast",
              "pass": true,
              "fail": false,
              "pending": false,
              "context": null,
              "code": "",
              "err": {},
              "uuid": "0f2fbe1d-b2a3-4f05-ba13-39c30d1bc124",
              "parentUUID": "3836eac8-6182-47fe-8c8d-43c79ab8e65c",
              "isHook": false,
              "skipped": false
            },
            {
              "title": "CP comprobando Textos Descriptivos",
              "fullTitle": "Testing Exploratorio seccion Home CP comprobando Textos Descriptivos",
              "timedOut": null,
              "duration": 7,
              "state": "passed",
              "speed": "fast",
              "pass": true,
              "fail": false,
              "pending": false,
              "context": null,
              "code": "",
              "err": {},
              "uuid": "d2ffb7f8-c234-4974-94d0-0931ed7fb3cb",
              "parentUUID": "3836eac8-6182-47fe-8c8d-43c79ab8e65c",
              "isHook": false,
              "skipped": false
            },
            {
              "title": "CP en Menu Navbar",
              "fullTitle": "Testing Exploratorio seccion Home CP en Menu Navbar",
              "timedOut": null,
              "duration": 5,
              "state": "passed",
              "speed": "fast",
              "pass": true,
              "fail": false,
              "pending": false,
              "context": null,
              "code": "",
              "err": {},
              "uuid": "21b37a04-1dc4-42dd-838a-f0a53cade563",
              "parentUUID": "3836eac8-6182-47fe-8c8d-43c79ab8e65c",
              "isHook": false,
              "skipped": false
            },
            {
              "title": "CP en Footer",
              "fullTitle": "Testing Exploratorio seccion Home CP en Footer",
              "timedOut": null,
              "duration": 9,
              "state": "passed",
              "speed": "fast",
              "pass": true,
              "fail": false,
              "pending": false,
              "context": null,
              "code": "",
              "err": {},
              "uuid": "f9eab983-cc6a-4e02-b7b5-78e83c207dc0",
              "parentUUID": "3836eac8-6182-47fe-8c8d-43c79ab8e65c",
              "isHook": false,
              "skipped": false
            }
          ],
          "suites": [],
          "passes": [
            "4932766d-08a0-4848-b47c-9f0fe9642ac7",
            "d6123493-bff5-4b3c-8bd3-bd3af95d77b3",
            "86147807-a7f3-4dde-a7d5-1b5c26d6e4f1",
            "78d0b750-12d7-439d-9a2f-7e32a3b21d85",
            "0f2fbe1d-b2a3-4f05-ba13-39c30d1bc124",
            "d2ffb7f8-c234-4974-94d0-0931ed7fb3cb",
            "21b37a04-1dc4-42dd-838a-f0a53cade563",
            "f9eab983-cc6a-4e02-b7b5-78e83c207dc0"
          ],
          "failures": [],
          "pending": [],
          "skipped": [],
          "duration": 58,
          "root": false,
          "rootEmpty": false,
          "_timeout": 2000
        }
      ],
      "passes": [],
      "failures": [],
      "pending": [],
      "skipped": [],
      "duration": 0,
      "root": true,
      "rootEmpty": true,
      "_timeout": 2000
    }
  ],
  "meta": {
    "mocha": {
      "version": "7.0.1"
    },
    "mochawesome": {
      "options": {
        "quiet": false,
        "reportFilename": "mochawesome",
        "saveHtml": true,
        "saveJson": true,
        "consoleReporter": "spec",
        "useInlineDiffs": false,
        "code": true
      },
      "version": "7.1.3"
    },
    "marge": {
      "options": null,
      "version": "6.2.0"
    }
  }
}