{
  "stats": {
    "suites": 1,
    "tests": 8,
    "passes": 8,
    "pending": 0,
    "failures": 0,
    "start": "2022-10-31T22:54:18.161Z",
    "end": "2022-10-31T22:54:18.346Z",
    "duration": 185,
    "testsRegistered": 8,
    "passPercent": 100,
    "pendingPercent": 0,
    "other": 0,
    "hasOther": false,
    "skipped": 0,
    "hasSkipped": false
  },
  "results": [
    {
      "uuid": "4684b4b5-a443-4e43-9528-28e7b798b769",
      "title": "",
      "fullFile": "cypress\\e2e\\Testing_Bonpland_idea5\\Seccion_Home.cy.js",
      "file": "cypress\\e2e\\Testing_Bonpland_idea5\\Seccion_Home.cy.js",
      "beforeHooks": [],
      "afterHooks": [],
      "tests": [],
      "suites": [
        {
          "uuid": "ec501512-0cd8-400d-8233-2001ea85fd8e",
          "title": "Testing del 1er Sprint Idea 5 - Bonpland",
          "fullFile": "",
          "file": "",
          "beforeHooks": [],
          "afterHooks": [],
          "tests": [
            {
              "title": "Check de todos los elementos diseñados en seccion Home",
              "fullTitle": "Testing del 1er Sprint Idea 5 - Bonpland Check de todos los elementos diseñados en seccion Home",
              "timedOut": null,
              "duration": 28,
              "state": "passed",
              "speed": "fast",
              "pass": true,
              "fail": false,
              "pending": false,
              "context": null,
              "code": "//Checkeamos todos lo elementos del dom existentes segun diseño UI\n    // Prueba de todos los elementos del Dom",
              "err": {},
              "uuid": "4e98a595-2835-46fe-97b7-ec3021d03cac",
              "parentUUID": "ec501512-0cd8-400d-8233-2001ea85fd8e",
              "isHook": false,
              "skipped": false
            },
            {
              "title": "Menu Navbar",
              "fullTitle": "Testing del 1er Sprint Idea 5 - Bonpland Menu Navbar",
              "timedOut": null,
              "duration": 14,
              "state": "passed",
              "speed": "fast",
              "pass": true,
              "fail": false,
              "pending": false,
              "context": null,
              "code": "// Mostrar logo, texto descriptivo, input ubicacion, secciones de la web\n    // Prueba de Img logo segun diseño UI\n    // Prueba icono menu Nav\n    // Prueba Texto descriptivo \"Encuentra el Hogar de tus Sueños\"\n    // Prueba de Filtro realizando busqueda\n    // Texto descriptivo \"En que ciudad desea Vivir\"\n    // Link acceso formulario",
              "err": {},
              "uuid": "6ca0ffa8-d599-464b-b914-584e1f58cbb1",
              "parentUUID": "ec501512-0cd8-400d-8233-2001ea85fd8e",
              "isHook": false,
              "skipped": false
            },
            {
              "title": "Seccion Guia en el Home",
              "fullTitle": "Testing del 1er Sprint Idea 5 - Bonpland Seccion Guia en el Home",
              "timedOut": null,
              "duration": 11,
              "state": "passed",
              "speed": "fast",
              "pass": true,
              "fail": false,
              "pending": false,
              "context": null,
              "code": "//Mostrar una Guia al usuario para alquilar y/o comprar inmuebles\n    // Prueba de Imagen y Texto correspondiente segun diseño UI\n    // Prueba de Button \"Guia para Alquilar y Guia para Vender\"\n    // Al realizar click se muestra informacion sobre la venta y/o alquiler del Inmueble\n    // Probamos seleccion Alquilar aplicando Filtros, al ecribir una ciudad se agruparan por dicha eleccion \n    // Probamos seleccion Vender aplicando Filtros",
              "err": {},
              "uuid": "d084bb1c-d4bb-4565-9a5f-7f92ffc85290",
              "parentUUID": "ec501512-0cd8-400d-8233-2001ea85fd8e",
              "isHook": false,
              "skipped": false
            },
            {
              "title": "Seccion Propiedades",
              "fullTitle": "Testing del 1er Sprint Idea 5 - Bonpland Seccion Propiedades",
              "timedOut": null,
              "duration": 15,
              "state": "passed",
              "speed": "fast",
              "pass": true,
              "fail": false,
              "pending": false,
              "context": null,
              "code": "// Mostrar un listado de inmuebles en promocion\n    //Prueba imagen de fondo segun diseño UI\n    //Mostrar Texto indicando lo precios y descuentos de Bopland\n    //Button llamado \"Ver Propiedades\" redirecciona a la pagina \"Listado de Inmuebles\"",
              "err": {},
              "uuid": "6d0d0391-4c1d-4f05-96e1-bd65a12797c7",
              "parentUUID": "ec501512-0cd8-400d-8233-2001ea85fd8e",
              "isHook": false,
              "skipped": false
            },
            {
              "title": "Formulario de Busqueda para Inmuebles",
              "fullTitle": "Testing del 1er Sprint Idea 5 - Bonpland Formulario de Busqueda para Inmuebles",
              "timedOut": null,
              "duration": 12,
              "state": "passed",
              "speed": "fast",
              "pass": true,
              "fail": false,
              "pending": false,
              "context": null,
              "code": "// Mostrar todos los inmuebles que coincidan con el criterio de busqueda realizado por el Usuario\n    // Prueba Button con filtro desplegable motrando la siguiente lista \"Ciudad\", \"Ambientes\", \"Cantidad de Baños\", \"Cantidad de Habitaciones\",\"Mts2 max y min\"\n    // Prueba Button con el nombre del Mapa mostrando la Ubicacion/Direccion del Inmueble\n    // Filtramos por Ciudad mostrando ciudad buscada y quedar seleccionada\n    // Filtramos por cantidad de Ambientes y validando que sean numeros enteros\n    // Filtramos por cantidad de Habitaciones y validando que sean numeros enteros\n    // Filtramos por cantidad de Baños y validando que sean numeros enteros\n    // Filtramos por Mts2 Min/Max y validando que se sean",
              "err": {},
              "uuid": "8480046b-9587-4b9c-9b0d-7bbac7a7d50e",
              "parentUUID": "ec501512-0cd8-400d-8233-2001ea85fd8e",
              "isHook": false,
              "skipped": false
            },
            {
              "title": "Inmuebles Destacados",
              "fullTitle": "Testing del 1er Sprint Idea 5 - Bonpland Inmuebles Destacados",
              "timedOut": null,
              "duration": 14,
              "state": "passed",
              "speed": "fast",
              "pass": true,
              "fail": false,
              "pending": false,
              "context": null,
              "code": "// los inmuebles se muestren de mayor a menor segun su solicitud en destacados\n    // Ubicacion \n    // Prueba texto descriptivo\n    // Prueba del Carrousel con todos sus elementos \"Foto del Inmueble\",\"Precio\",\"Direccion\",\"Ciudad\",\"Cantidad de Ambientes\",\"Habitaciones\",\"Baños\",\"Mts2 min y max\"\n    // Prueba Button \"Zona Destacada\" segun diseño UI\n    // El carrousel debe contener los 5 mejores inmuebles de mayor a menor",
              "err": {},
              "uuid": "9502695b-eb7a-4da8-ad12-5398a0af5ef9",
              "parentUUID": "ec501512-0cd8-400d-8233-2001ea85fd8e",
              "isHook": false,
              "skipped": false
            },
            {
              "title": "Filtro en Banner",
              "fullTitle": "Testing del 1er Sprint Idea 5 - Bonpland Filtro en Banner",
              "timedOut": null,
              "duration": 14,
              "state": "passed",
              "speed": "fast",
              "pass": true,
              "fail": false,
              "pending": false,
              "context": null,
              "code": "// Mostrar inmuebles segun ciudad filtrada",
              "err": {},
              "uuid": "aecf5409-4b4c-4dac-88f7-fecf90ddc6ad",
              "parentUUID": "ec501512-0cd8-400d-8233-2001ea85fd8e",
              "isHook": false,
              "skipped": false
            },
            {
              "title": "Footer Mostrando Datos de la Inmobiliaria",
              "fullTitle": "Testing del 1er Sprint Idea 5 - Bonpland Footer Mostrando Datos de la Inmobiliaria",
              "timedOut": null,
              "duration": 15,
              "state": "passed",
              "speed": "fast",
              "pass": true,
              "fail": false,
              "pending": false,
              "context": null,
              "code": "// Mostrar footer en forma de acordeon con sus 4 menuces, logo y posicion de elementos en el Dom segun diseño UI\n    // Prueba de Img logo ubicada segun diseño UI\n    // Prueba de contenido en sus 4 opciones \"Sobre Nosotros\",\"Nuestra Trayectoria\",\"Paises\",\"Categorias\"\n    // Prueba de menuces de tipo acordeon y su depliegue",
              "err": {},
              "uuid": "4f592b3a-d780-412d-bcd5-e138e4bd612a",
              "parentUUID": "ec501512-0cd8-400d-8233-2001ea85fd8e",
              "isHook": false,
              "skipped": false
            }
          ],
          "suites": [],
          "passes": [
            "4e98a595-2835-46fe-97b7-ec3021d03cac",
            "6ca0ffa8-d599-464b-b914-584e1f58cbb1",
            "d084bb1c-d4bb-4565-9a5f-7f92ffc85290",
            "6d0d0391-4c1d-4f05-96e1-bd65a12797c7",
            "8480046b-9587-4b9c-9b0d-7bbac7a7d50e",
            "9502695b-eb7a-4da8-ad12-5398a0af5ef9",
            "aecf5409-4b4c-4dac-88f7-fecf90ddc6ad",
            "4f592b3a-d780-412d-bcd5-e138e4bd612a"
          ],
          "failures": [],
          "pending": [],
          "skipped": [],
          "duration": 123,
          "root": false,
          "rootEmpty": false,
          "_timeout": 2000
        }
      ],
      "passes": [],
      "failures": [],
      "pending": [],
      "skipped": [],
      "duration": 0,
      "root": true,
      "rootEmpty": true,
      "_timeout": 2000
    }
  ],
  "meta": {
    "mocha": {
      "version": "7.0.1"
    },
    "mochawesome": {
      "options": {
        "quiet": false,
        "reportFilename": "mochawesome",
        "saveHtml": true,
        "saveJson": true,
        "consoleReporter": "spec",
        "useInlineDiffs": false,
        "code": true
      },
      "version": "7.1.3"
    },
    "marge": {
      "options": null,
      "version": "6.2.0"
    }
  }
}